<?xml version="1.0" encoding="UTF-8"?>
<!-- Generated by org.testng.reporters.JUnitReportReporter -->
<testsuite hostname="MAVCHN0522459" failures="0" tests="1" name="RestAPIlearning.PathAndQueryParameters" time="2.331" errors="0" timestamp="2024-07-10T10:51:17 IST" skipped="0">
  <testcase classname="RestAPIlearning.PathAndQueryParameters" name="cookies" time="2.331"/>
  <system-out/>
</testsuite> <!-- RestAPIlearning.PathAndQueryParameters -->
