<?xml version="1.0" encoding="UTF-8"?>
<!-- Generated by org.testng.reporters.JUnitReportReporter -->
<testsuite hostname="MAVCHN0522459" failures="0" tests="1" name="RestAPIlearning.Authentications" time="4.803" errors="0" timestamp="2024-07-12T16:39:03 IST" skipped="0">
  <testcase classname="RestAPIlearning.Authentications" name="basicauth" time="4.803"/>
  <system-out/>
</testsuite> <!-- RestAPIlearning.Authentications -->
