<?xml version="1.0" encoding="UTF-8"?>
<!-- Generated by org.testng.reporters.JUnitReportReporter -->
<testsuite hostname="MAVCHN0522459" failures="0" tests="2" name="RestAPIlearning.HTTPRequests" time="3.881" errors="0" timestamp="2024-08-05T17:54:54 IST" skipped="0">
  <testcase classname="RestAPIlearning.HTTPRequests" name="PostUser" time="3.323"/>
  <system-out/>
  <testcase classname="RestAPIlearning.HTTPRequests" name="UpdateUser" time="0.558"/>
  <system-out/>
</testsuite> <!-- RestAPIlearning.HTTPRequests -->
